-------------------------------------------------------------------------------
Test set: MainPageTests
-------------------------------------------------------------------------------
Tests run: 5, Failures: 1, Errors: 0, Skipped: 1, Time elapsed: 84.231 s <<< FAILURE! - in MainPageTests
SearchResultsLegendHeaders_Laptop(MainPageTests)  Time elapsed: 17.416 s  <<< FAILURE!
java.lang.AssertionError: expected:<"[Screen Siz]e"> but was:<"[Pric]e">
	at MainPageTests.SearchResultsLegendHeaders_Laptop(MainPageTests.java:58)

