<?xml version="1.0" encoding="UTF-8"?><testsuite errors="0" failures="1" name="MainPageTests" skipped="1" tests="5" time="81.09" timestamp="2020-02-27 10:44:39"><testcase classname="MainPageTests" name="TS-T58 Verify search results page has correct sorting options"/><testcase classname="MainPageTests" name="TS-T112 Each search result has image"/><testcase classname="MainPageTests" name="TS-T34 Search legend for Laptop query"><failure message="expected:&lt;&quot;[Screen Siz]e&quot;&gt; but was:&lt;&quot;[Pric]e&quot;&gt;" type="org.junit.ComparisonFailure">expected:&lt;"[Screen Siz]e"&gt; but was:&lt;"[Pric]e"&gt;</failure><system-err>expected:&lt;"[Screen Siz]e"&gt; but was:&lt;"[Pric]e"&gt;
steps.SearchResultsSteps.VerifyLegendHeaders(SearchResultsSteps.java:21)
MainPageTests.SearchResultsLegendHeaders_Laptop(MainPageTests.java:58)
</system-err></testcase><testcase classname="MainPageTests" name="TS-T33 Search legend for Monitor query"><skipped/></testcase><testcase classname="MainPageTests" name="TS-T12 Search form is presented on Main Page"/></testsuite>